\BOOKMARK [1][-]{section.1}{\376\377\000D\000e\000d\000i\000c\000a\000t\000\363\000r\000i\000a}{}% 1
\BOOKMARK [1][-]{section.2}{\376\377\000A\000g\000r\000a\000d\000e\000c\000i\000m\000e\000n\000t\000o\000s}{}% 2
\BOOKMARK [1][-]{section.3}{\376\377\000R\000e\000s\000u\000m\000o}{}% 3
\BOOKMARK [1][-]{section.4}{\376\377\000L\000i\000s\000t\000a\000\040\000d\000e\000\040\000f\000i\000g\000u\000r\000a\000s}{}% 4
\BOOKMARK [1][-]{section.5}{\376\377\000L\000i\000s\000t\000a\000\040\000d\000e\000\040\000t\000a\000b\000e\000l\000a\000s}{}% 5
\BOOKMARK [1][-]{section.6}{\376\377\000L\000i\000s\000t\000a\000\040\000d\000e\000\040\000q\000u\000a\000d\000r\000o\000s}{}% 6
\BOOKMARK [1][-]{section.7}{\376\377\000I\000n\000t\000r\000o\000d\000u\000\347\000\343\000o}{}% 7
\BOOKMARK [1][-]{section.8}{\376\377\000R\000e\000f\000e\000r\000e\000n\000c\000i\000a\000l\000\040\000t\000e\000\363\000r\000i\000c\000o}{}% 8
\BOOKMARK [2][-]{subsection.8.1}{\376\377\000C\000o\000n\000j\000u\000n\000t\000o\000\040\000d\000e\000\040\000d\000a\000d\000o\000s}{section.8}% 9
\BOOKMARK [2][-]{subsection.8.2}{\376\377\000R\000e\000g\000r\000e\000s\000s\000\343\000o\000\040\000l\000i\000n\000e\000a\000r}{section.8}% 10
\BOOKMARK [2][-]{subsection.8.3}{\376\377\000R\000e\000d\000e\000s\000\040\000N\000e\000u\000r\000a\000i\000s\000\040\000A\000r\000t\000i\000f\000i\000c\000i\000a\000i\000s}{section.8}% 11
\BOOKMARK [3][-]{subsubsection.8.3.1}{\376\377\000N\000e\000u\000r\000\364\000n\000i\000o}{subsection.8.3}% 12
\BOOKMARK [3][-]{subsubsection.8.3.2}{\376\377\000A\000r\000q\000u\000i\000t\000e\000t\000u\000r\000a}{subsection.8.3}% 13
\BOOKMARK [3][-]{subsubsection.8.3.3}{\376\377\000F\000o\000r\000w\000a\000r\000d\000\040\000p\000r\000o\000p\000a\000g\000a\000t\000i\000o\000n}{subsection.8.3}% 14
\BOOKMARK [3][-]{subsubsection.8.3.4}{\376\377\000F\000u\000n\000\347\000\343\000o\000\040\000d\000e\000\040\000p\000e\000r\000d\000a}{subsection.8.3}% 15
\BOOKMARK [3][-]{subsubsection.8.3.5}{\376\377\000B\000a\000c\000k\000p\000r\000o\000p\000a\000g\000a\000t\000i\000o\000n}{subsection.8.3}% 16
\BOOKMARK [2][-]{subsection.8.4}{\376\377\000S\000H\000A\000P}{section.8}% 17
\BOOKMARK [3][-]{subsubsection.8.4.1}{\376\377\000V\000a\000l\000o\000r\000e\000s\000\040\000d\000e\000\040\000S\000h\000a\000p\000l\000e\000y}{subsection.8.4}% 18
\BOOKMARK [3][-]{subsubsection.8.4.2}{\376\377\000S\000h\000a\000p\000l\000e\000y\000\040\000A\000d\000d\000i\000t\000i\000v\000e\000\040\000E\000x\000p\000l\000a\000n\000a\000t\000i\000o\000n\000s}{subsection.8.4}% 19
\BOOKMARK [1][-]{section.9}{\376\377\000M\000e\000t\000o\000d\000o\000l\000o\000g\000i\000a}{}% 20
\BOOKMARK [1][-]{section.10}{\376\377\000R\000e\000s\000u\000l\000t\000a\000d\000o\000s}{}% 21
\BOOKMARK [1][-]{section.11}{\376\377\000C\000o\000n\000c\000l\000u\000s\000\343\000o}{}% 22
\BOOKMARK [1][-]{section.12}{\376\377\000A\000n\000e\000x\000o}{}% 23
